#
# There is insufficient memory for the Java Runtime Environment to continue.
# Native memory allocation (malloc) failed to allocate 2345568 bytes. Error detail: Chunk::new
# Possible reasons:
#   The system is out of physical RAM or swap space
#   This process is running with CompressedOops enabled, and the Java Heap may be blocking the growth of the native heap
# Possible solutions:
#   Reduce memory load on the system
#   Increase physical memory or swap space
#   Check if swap backing store is full
#   Decrease Java heap size (-Xmx/-Xms)
#   Decrease number of Java threads
#   Decrease Java thread stack sizes (-Xss)
#   Set larger code cache with -XX:ReservedCodeCacheSize=
#   JVM is running with Unscaled Compressed Oops mode in which the Java heap is
#     placed in the first 4GB address space. The Java Heap base address is the
#     maximum limit for the native heap growth. Please use -XX:HeapBaseMinAddress
#     to set the Java Heap base and to place the Java Heap above 4GB virtual address.
# This output file may be truncated or incomplete.
#
#  Out of Memory Error (arena.cpp:168), pid=1288, tid=51744
#
# JRE version: OpenJDK Runtime Environment Temurin-21.0.9+10 (21.0.9+10) (build 21.0.9+10-LTS)
# Java VM: OpenJDK 64-Bit Server VM Temurin-21.0.9+10 (21.0.9+10-LTS, mixed mode, sharing, tiered, compressed oops, compressed class ptrs, parallel gc, windows-amd64)
# No core dump will be written. Minidumps are not enabled by default on client versions of Windows
#

---------------  S U M M A R Y ------------

Command Line: --add-modules=ALL-SYSTEM --add-opens=java.base/java.util=ALL-UNNAMED --add-opens=java.base/java.lang=ALL-UNNAMED --add-opens=java.base/sun.nio.fs=ALL-UNNAMED -Declipse.application=org.eclipse.jdt.ls.core.id1 -Dosgi.bundles.defaultStartLevel=4 -Declipse.product=org.eclipse.jdt.ls.core.product -Djava.import.generatesMetadataFilesAtProjectRoot=false -DDetectVMInstallationsJob.disabled=true -Dfile.encoding=utf8 -XX:+UseParallelGC -XX:GCTimeRatio=4 -XX:AdaptiveSizePolicyWeight=90 -Dsun.zip.disableMemoryMapping=true -Xmx2G -Xms100m -Xlog:disable -javaagent:c:\Users\Administrator\.cursor\extensions\redhat.java-1.50.0-win32-x64\lombok\lombok-1.18.39-4050.jar -XX:+HeapDumpOnOutOfMemoryError -XX:HeapDumpPath=c:\Users\Administrator\AppData\Roaming\Cursor\User\workspaceStorage\32af6ac0484b3007e8c77c80ee50c6dd\redhat.java -Daether.dependencyCollector.impl=bf c:\Users\Administrator\.cursor\extensions\redhat.java-1.50.0-win32-x64\server\plugins\org.eclipse.equinox.launcher_1.7.100.v20251111-0406.jar -configuration c:\Users\Administrator\AppData\Roaming\Cursor\User\globalStorage\redhat.java\1.50.0\config_win -data c:\Users\Administrator\AppData\Roaming\Cursor\User\workspaceStorage\32af6ac0484b3007e8c77c80ee50c6dd\redhat.java\jdt_ws --pipe=\\.\pipe\lsp-9e121e466cd34d84d983b3915dce0d89-sock

Host: 12th Gen Intel(R) Core(TM) i5-12450H, 12 cores, 15G,  Windows 11 , 64 bit Build 22621 (10.0.22621.2506)
Time: Thu Dec 18 10:09:45 2025 elapsed time: 10.443355 seconds (0d 0h 0m 10s)

---------------  T H R E A D  ---------------

Current thread (0x0000021a79d67c90):  JavaThread "C2 CompilerThread0" daemon [_thread_in_native, id=51744, stack(0x00000035d9400000,0x00000035d9500000) (1024K)]


Current CompileTask:
C2:10443 4061       4       org.lombokweb.asm.ClassReader::readMethod (1070 bytes)

Stack: [0x00000035d9400000,0x00000035d9500000]
Native frames: (J=compiled Java code, j=interpreted, Vv=VM code, C=native code)
V  [jvm.dll+0x6d6e29]
V  [jvm.dll+0x8b4b76]
V  [jvm.dll+0x8b712e]
V  [jvm.dll+0x8b7813]
V  [jvm.dll+0x283d86]
V  [jvm.dll+0xc66ed]
V  [jvm.dll+0xc6c31]
V  [jvm.dll+0x3be53b]
V  [jvm.dll+0x1e3d59]
V  [jvm.dll+0x24c0f3]
V  [jvm.dll+0x24b580]
V  [jvm.dll+0x1cb13e]
V  [jvm.dll+0x25b29d]
V  [jvm.dll+0x25982a]
V  [jvm.dll+0x3f7ea6]
V  [jvm.dll+0x85e9ad]
V  [jvm.dll+0x6d565d]
C  [ucrtbase.dll+0x29363]
C  [KERNEL32.DLL+0x1257d]
C  [ntdll.dll+0x5aa58]


---------------  P R O C E S S  ---------------

Threads class SMR info:
_java_thread_list=0x0000021a42401b70, length=23, elements={
0x0000021a6205ea00, 0x0000021a61feb000, 0x0000021a61fec600, 0x0000021a61fed8a0,
0x0000021a79d62850, 0x0000021a79d644b0, 0x0000021a79d66f10, 0x0000021a79d67c90,
0x0000021a79db6200, 0x0000021a79f5b4c0, 0x0000021a7f047ff0, 0x0000021a7f7f8370,
0x0000021a7f7b42e0, 0x0000021a7f76ee00, 0x0000021a7f76f830, 0x0000021a416831a0,
0x0000021a416d7900, 0x0000021a4164cdb0, 0x0000021a4180f020, 0x0000021a41483210,
0x0000021a414824f0, 0x0000021a41481e60, 0x0000021a414838a0
}

Java Threads: ( => current thread )
  0x0000021a6205ea00 JavaThread "main"                              [_thread_blocked, id=30524, stack(0x00000035d8a00000,0x00000035d8b00000) (1024K)]
  0x0000021a61feb000 JavaThread "Reference Handler"          daemon [_thread_blocked, id=47256, stack(0x00000035d8e00000,0x00000035d8f00000) (1024K)]
  0x0000021a61fec600 JavaThread "Finalizer"                  daemon [_thread_blocked, id=24372, stack(0x00000035d8f00000,0x00000035d9000000) (1024K)]
  0x0000021a61fed8a0 JavaThread "Signal Dispatcher"          daemon [_thread_blocked, id=23864, stack(0x00000035d9000000,0x00000035d9100000) (1024K)]
  0x0000021a79d62850 JavaThread "Attach Listener"            daemon [_thread_blocked, id=39076, stack(0x00000035d9100000,0x00000035d9200000) (1024K)]
  0x0000021a79d644b0 JavaThread "Service Thread"             daemon [_thread_blocked, id=54580, stack(0x00000035d9200000,0x00000035d9300000) (1024K)]
  0x0000021a79d66f10 JavaThread "Monitor Deflation Thread"   daemon [_thread_blocked, id=47728, stack(0x00000035d9300000,0x00000035d9400000) (1024K)]
=>0x0000021a79d67c90 JavaThread "C2 CompilerThread0"         daemon [_thread_in_native, id=51744, stack(0x00000035d9400000,0x00000035d9500000) (1024K)]
  0x0000021a79db6200 JavaThread "C1 CompilerThread0"         daemon [_thread_blocked, id=43352, stack(0x00000035d9500000,0x00000035d9600000) (1024K)]
  0x0000021a79f5b4c0 JavaThread "Common-Cleaner"             daemon [_thread_blocked, id=22996, stack(0x00000035d9600000,0x00000035d9700000) (1024K)]
  0x0000021a7f047ff0 JavaThread "Notification Thread"        daemon [_thread_blocked, id=60300, stack(0x00000035d9700000,0x00000035d9800000) (1024K)]
  0x0000021a7f7f8370 JavaThread "Active Thread: Equinox Container: 40f0e92b-3ec8-4dee-a84d-d433a36bc2e2"        [_thread_blocked, id=33628, stack(0x00000035da000000,0x00000035da100000) (1024K)]
  0x0000021a7f7b42e0 JavaThread "Refresh Thread: Equinox Container: 40f0e92b-3ec8-4dee-a84d-d433a36bc2e2" daemon [_thread_blocked, id=32324, stack(0x00000035da100000,0x00000035da200000) (1024K)]
  0x0000021a7f76ee00 JavaThread "Framework Event Dispatcher: Equinox Container: 40f0e92b-3ec8-4dee-a84d-d433a36bc2e2" daemon [_thread_blocked, id=59824, stack(0x00000035da300000,0x00000035da400000) (1024K)]
  0x0000021a7f76f830 JavaThread "Start Level: Equinox Container: 40f0e92b-3ec8-4dee-a84d-d433a36bc2e2" daemon [_thread_in_vm, id=66392, stack(0x00000035da400000,0x00000035da500000) (1024K)]
  0x0000021a416831a0 JavaThread "Bundle File Closer"         daemon [_thread_blocked, id=50624, stack(0x00000035da700000,0x00000035da800000) (1024K)]
  0x0000021a416d7900 JavaThread "SCR Component Actor"        daemon [_thread_blocked, id=34248, stack(0x00000035d9900000,0x00000035d9a00000) (1024K)]
  0x0000021a4164cdb0 JavaThread "Worker-JM"                         [_thread_blocked, id=29268, stack(0x00000035d9800000,0x00000035d9900000) (1024K)]
  0x0000021a4180f020 JavaThread "JNA Cleaner"                daemon [_thread_blocked, id=59988, stack(0x00000035da800000,0x00000035da900000) (1024K)]
  0x0000021a41483210 JavaThread "Worker-0: Repository registry initialization"        [_thread_in_Java, id=42556, stack(0x00000035da900000,0x00000035daa00000) (1024K)]
  0x0000021a414824f0 JavaThread "Worker-1"                          [_thread_blocked, id=38424, stack(0x00000035daa00000,0x00000035dab00000) (1024K)]
  0x0000021a41481e60 JavaThread "Worker-2"                          [_thread_blocked, id=53504, stack(0x00000035dab00000,0x00000035dac00000) (1024K)]
  0x0000021a414838a0 JavaThread "Java indexing"              daemon [_thread_blocked, id=10796, stack(0x00000035dac00000,0x00000035dad00000) (1024K)]
Total: 23

Other Threads:
  0x0000021a61fe45c0 VMThread "VM Thread"                           [id=54152, stack(0x00000035d8d00000,0x00000035d8e00000) (1024K)]
  0x0000021a61edca00 WatcherThread "VM Periodic Task Thread"        [id=13108, stack(0x00000035d8c00000,0x00000035d8d00000) (1024K)]
  0x0000021a62073bf0 WorkerThread "GC Thread#0"                     [id=58712, stack(0x00000035d8b00000,0x00000035d8c00000) (1024K)]
  0x0000021a7f6239d0 WorkerThread "GC Thread#1"                     [id=31208, stack(0x00000035d9a00000,0x00000035d9b00000) (1024K)]
  0x0000021a7f61fe10 WorkerThread "GC Thread#2"                     [id=21196, stack(0x00000035d9b00000,0x00000035d9c00000) (1024K)]
  0x0000021a7f6201b0 WorkerThread "GC Thread#3"                     [id=39256, stack(0x00000035d9c00000,0x00000035d9d00000) (1024K)]
  0x0000021a7f2f5220 WorkerThread "GC Thread#4"                     [id=64076, stack(0x00000035d9d00000,0x00000035d9e00000) (1024K)]
  0x0000021a7f2f55c0 WorkerThread "GC Thread#5"                     [id=19388, stack(0x00000035d9e00000,0x00000035d9f00000) (1024K)]
  0x0000021a7f1524f0 WorkerThread "GC Thread#6"                     [id=55516, stack(0x00000035d9f00000,0x00000035da000000) (1024K)]
  0x0000021a7f736fb0 WorkerThread "GC Thread#7"                     [id=55584, stack(0x00000035da200000,0x00000035da300000) (1024K)]
  0x0000021a411a49d0 WorkerThread "GC Thread#8"                     [id=14064, stack(0x00000035da500000,0x00000035da600000) (1024K)]
  0x0000021a7f6415a0 WorkerThread "GC Thread#9"                     [id=5800, stack(0x00000035da600000,0x00000035da700000) (1024K)]
Total: 12

Threads with active compile tasks:
C2 CompilerThread0  10481 4061       4       org.lombokweb.asm.ClassReader::readMethod (1070 bytes)
Total: 1

VM state: not at safepoint (normal execution)

VM Mutex/Monitor currently owned by a thread: None

Heap address: 0x0000000080000000, size: 2048 MB, Compressed Oops mode: 32-bit

CDS archive(s) mapped at: [0x0000021a00000000-0x0000021a00ba0000-0x0000021a00ba0000), size 12189696, SharedBaseAddress: 0x0000021a00000000, ArchiveRelocationMode: 1.
Compressed class space mapped at: 0x0000021a01000000-0x0000021a41000000, reserved size: 1073741824
Narrow klass base: 0x0000021a00000000, Narrow klass shift: 0, Narrow klass range: 0x100000000

GC Precious Log:
 CardTable entry size: 512
 CPUs: 12 total, 12 available
 Memory: 16052M
 Large Page Support: Disabled
 NUMA Support: Disabled
 Compressed Oops: Enabled (32-bit)
 Alignments: Space 512K, Generation 512K, Heap 2M
 Heap Min Capacity: 100M
 Heap Initial Capacity: 100M
 Heap Max Capacity: 2G
 Pre-touch: Disabled
 Parallel Workers: 10

Heap:
 PSYoungGen      total 24064K, used 10263K [0x00000000d5580000, 0x00000000d7280000, 0x0000000100000000)
  eden space 22528K, 38% used [0x00000000d5580000,0x00000000d5e13ac0,0x00000000d6b80000)
  from space 1536K, 96% used [0x00000000d7080000,0x00000000d71f21d8,0x00000000d7200000)
  to   space 512K, 0% used [0x00000000d7200000,0x00000000d7200000,0x00000000d7280000)
 ParOldGen       total 68608K, used 15942K [0x0000000080000000, 0x0000000084300000, 0x00000000d5580000)
  object space 68608K, 23% used [0x0000000080000000,0x0000000080f91a68,0x0000000084300000)
 Metaspace       used 31954K, committed 32960K, reserved 1114112K
  class space    used 3288K, committed 3712K, reserved 1048576K

Card table byte_map: [0x0000021a619f0000,0x0000021a61e00000] _byte_map_base: 0x0000021a615f0000

Marking Bits: (ParMarkBitMap*) 0x00007ff9e7192460
 Begin Bits: [0x0000021a74500000, 0x0000021a76500000)
 End Bits:   [0x0000021a76500000, 0x0000021a78500000)

Polling page: 0x0000021a5ffb0000

Metaspace:

Usage:
  Non-class:     27.99 MB used.
      Class:      3.21 MB used.
       Both:     31.21 MB used.

Virtual space:
  Non-class space:       64.00 MB reserved,      28.56 MB ( 45%) committed,  1 nodes.
      Class space:        1.00 GB reserved,       3.62 MB ( <1%) committed,  1 nodes.
             Both:        1.06 GB reserved,      32.19 MB (  3%) committed. 

Chunk freelists:
   Non-Class:  2.64 MB
       Class:  12.19 MB
        Both:  14.83 MB

MaxMetaspaceSize: unlimited
CompressedClassSpaceSize: 1.00 GB
Initial GC threshold: 21.00 MB
Current GC threshold: 35.00 MB
CDS: on
 - commit_granule_bytes: 65536.
 - commit_granule_words: 8192.
 - virtual_space_node_default_size: 8388608.
 - enlarge_chunks_in_place: 1.
 - use_allocation_guard: 0.


Internal statistics:

num_allocs_failed_limit: 3.
num_arena_births: 842.
num_arena_deaths: 14.
num_vsnodes_births: 2.
num_vsnodes_deaths: 0.
num_space_committed: 515.
num_space_uncommitted: 0.
num_chunks_returned_to_freelist: 17.
num_chunks_taken_from_freelist: 2203.
num_chunk_merges: 4.
num_chunk_splits: 1374.
num_chunks_enlarged: 788.
num_inconsistent_stats: 0.

CodeHeap 'non-profiled nmethods': size=120000Kb used=1848Kb max_used=1848Kb free=118151Kb
 bounds [0x0000021a6cd20000, 0x0000021a6cf90000, 0x0000021a74250000]
CodeHeap 'profiled nmethods': size=120000Kb used=9176Kb max_used=9176Kb free=110823Kb
 bounds [0x0000021a65250000, 0x0000021a65b50000, 0x0000021a6c780000]
CodeHeap 'non-nmethods': size=5760Kb used=1345Kb max_used=1345Kb free=4414Kb
 bounds [0x0000021a6c780000, 0x0000021a6c9f0000, 0x0000021a6cd20000]
CodeCache: size=245760Kb, used=12369Kb, max_used=12369Kb, free=233388Kb
 total_blobs=5030, nmethods=4391, adapters=545, full_count=0
Compilation: enabled, stopped_count=0, restarted_count=0

Compilation events (20 events):
Event: 10.426 Thread 0x0000021a79db6200 nmethod 4370 0x0000021a65b23910 code [0x0000021a65b23aa0, 0x0000021a65b23bd0]
Event: 10.426 Thread 0x0000021a79db6200 4371       2       java.lang.invoke.CallSite::<init> (15 bytes)
Event: 10.426 Thread 0x0000021a79db6200 nmethod 4371 0x0000021a65b23d10 code [0x0000021a65b23ea0, 0x0000021a65b23fc8]
Event: 10.426 Thread 0x0000021a79db6200 4372       2       jdk.internal.misc.Unsafe::storeStoreFence (5 bytes)
Event: 10.427 Thread 0x0000021a79db6200 nmethod 4372 0x0000021a65b24090 code [0x0000021a65b24220, 0x0000021a65b24328]
Event: 10.427 Thread 0x0000021a79db6200 4373       2       java.lang.invoke.BootstrapMethodInvoker::widenAndCast (47 bytes)
Event: 10.427 Thread 0x0000021a79db6200 nmethod 4373 0x0000021a65b24390 code [0x0000021a65b245c0, 0x0000021a65b24a50]
Event: 10.428 Thread 0x0000021a79db6200 4374   !   2       java.lang.invoke.CallSite::makeSite (91 bytes)
Event: 10.429 Thread 0x0000021a79db6200 nmethod 4374 0x0000021a65b24d10 code [0x0000021a65b24fe0, 0x0000021a65b25950]
Event: 10.429 Thread 0x0000021a79db6200 4375       2       java.lang.invoke.Invokers::callSiteForm (297 bytes)
Event: 10.430 Thread 0x0000021a79db6200 nmethod 4375 0x0000021a65b26490 code [0x0000021a65b26720, 0x0000021a65b270f8]
Event: 10.430 Thread 0x0000021a79db6200 4377       2       org.codehaus.plexus.util.xml.pull.MXParser::parseEndTag (438 bytes)
Event: 10.432 Thread 0x0000021a79db6200 nmethod 4377 0x0000021a65b27910 code [0x0000021a65b27d80, 0x0000021a65b29108]
Event: 10.432 Thread 0x0000021a79db6200 4376       2       org.codehaus.plexus.util.xml.pull.MXParser::isS (30 bytes)
Event: 10.432 Thread 0x0000021a79db6200 nmethod 4376 0x0000021a65b29e10 code [0x0000021a65b29fa0, 0x0000021a65b2a0c0]
Event: 10.432 Thread 0x0000021a79db6200 4378       2       org.codehaus.plexus.util.xml.pull.MXParser::isNameStartChar (56 bytes)
Event: 10.433 Thread 0x0000021a79db6200 nmethod 4378 0x0000021a65b2a190 code [0x0000021a65b2a320, 0x0000021a65b2a4a8]
Event: 10.434 Thread 0x0000021a79db6200 4379       2       org.codehaus.plexus.util.xml.pull.MXParser::parseStartTag (1205 bytes)
Event: 10.440 Thread 0x0000021a79db6200 nmethod 4379 0x0000021a65b2a590 code [0x0000021a65b2acc0, 0x0000021a65b2dc40]
Event: 10.440 Thread 0x0000021a79db6200 4380       2       org.codehaus.plexus.util.xml.pull.MXParser::newString (11 bytes)

GC Heap History (20 events):
Event: 3.467 GC heap before
{Heap before GC invocations=3 (full 0):
 PSYoungGen      total 29696K, used 29584K [0x00000000d5580000, 0x00000000d7680000, 0x0000000100000000)
  eden space 25600K, 99% used [0x00000000d5580000,0x00000000d6e65158,0x00000000d6e80000)
  from space 4096K, 99% used [0x00000000d7280000,0x00000000d767f1f8,0x00000000d7680000)
  to   space 4096K, 0% used [0x00000000d6e80000,0x00000000d6e80000,0x00000000d7280000)
 ParOldGen       total 68608K, used 1930K [0x0000000080000000, 0x0000000084300000, 0x00000000d5580000)
  object space 68608K, 2% used [0x0000000080000000,0x00000000801e2a10,0x0000000084300000)
 Metaspace       used 9457K, committed 9792K, reserved 1114112K
  class space    used 1012K, committed 1152K, reserved 1048576K
}
Event: 3.476 GC heap after
{Heap after GC invocations=3 (full 0):
 PSYoungGen      total 29696K, used 4088K [0x00000000d5580000, 0x00000000d7680000, 0x0000000100000000)
  eden space 25600K, 0% used [0x00000000d5580000,0x00000000d5580000,0x00000000d6e80000)
  from space 4096K, 99% used [0x00000000d6e80000,0x00000000d727e1a0,0x00000000d7280000)
  to   space 4096K, 0% used [0x00000000d7280000,0x00000000d7280000,0x00000000d7680000)
 ParOldGen       total 68608K, used 4993K [0x0000000080000000, 0x0000000084300000, 0x00000000d5580000)
  object space 68608K, 7% used [0x0000000080000000,0x00000000804e0528,0x0000000084300000)
 Metaspace       used 9457K, committed 9792K, reserved 1114112K
  class space    used 1012K, committed 1152K, reserved 1048576K
}
Event: 4.461 GC heap before
{Heap before GC invocations=4 (full 0):
 PSYoungGen      total 29696K, used 29688K [0x00000000d5580000, 0x00000000d7680000, 0x0000000100000000)
  eden space 25600K, 100% used [0x00000000d5580000,0x00000000d6e80000,0x00000000d6e80000)
  from space 4096K, 99% used [0x00000000d6e80000,0x00000000d727e1a0,0x00000000d7280000)
  to   space 4096K, 0% used [0x00000000d7280000,0x00000000d7280000,0x00000000d7680000)
 ParOldGen       total 68608K, used 4993K [0x0000000080000000, 0x0000000084300000, 0x00000000d5580000)
  object space 68608K, 7% used [0x0000000080000000,0x00000000804e0528,0x0000000084300000)
 Metaspace       used 12117K, committed 12480K, reserved 1114112K
  class space    used 1297K, committed 1472K, reserved 1048576K
}
Event: 4.467 GC heap after
{Heap after GC invocations=4 (full 0):
 PSYoungGen      total 29696K, used 4089K [0x00000000d5580000, 0x00000000d7680000, 0x0000000100000000)
  eden space 25600K, 0% used [0x00000000d5580000,0x00000000d5580000,0x00000000d6e80000)
  from space 4096K, 99% used [0x00000000d7280000,0x00000000d767e610,0x00000000d7680000)
  to   space 4096K, 0% used [0x00000000d6e80000,0x00000000d6e80000,0x00000000d7280000)
 ParOldGen       total 68608K, used 6429K [0x0000000080000000, 0x0000000084300000, 0x00000000d5580000)
  object space 68608K, 9% used [0x0000000080000000,0x0000000080647498,0x0000000084300000)
 Metaspace       used 12117K, committed 12480K, reserved 1114112K
  class space    used 1297K, committed 1472K, reserved 1048576K
}
Event: 5.727 GC heap before
{Heap before GC invocations=5 (full 0):
 PSYoungGen      total 29696K, used 29689K [0x00000000d5580000, 0x00000000d7680000, 0x0000000100000000)
  eden space 25600K, 100% used [0x00000000d5580000,0x00000000d6e80000,0x00000000d6e80000)
  from space 4096K, 99% used [0x00000000d7280000,0x00000000d767e610,0x00000000d7680000)
  to   space 4096K, 0% used [0x00000000d6e80000,0x00000000d6e80000,0x00000000d7280000)
 ParOldGen       total 68608K, used 6429K [0x0000000080000000, 0x0000000084300000, 0x00000000d5580000)
  object space 68608K, 9% used [0x0000000080000000,0x0000000080647498,0x0000000084300000)
 Metaspace       used 16074K, committed 16704K, reserved 1114112K
  class space    used 1675K, committed 1984K, reserved 1048576K
}
Event: 5.731 GC heap after
{Heap after GC invocations=5 (full 0):
 PSYoungGen      total 29184K, used 4095K [0x00000000d5580000, 0x00000000d7a00000, 0x0000000100000000)
  eden space 25088K, 0% used [0x00000000d5580000,0x00000000d5580000,0x00000000d6e00000)
  from space 4096K, 99% used [0x00000000d6e80000,0x00000000d727ff28,0x00000000d7280000)
  to   space 6144K, 0% used [0x00000000d7400000,0x00000000d7400000,0x00000000d7a00000)
 ParOldGen       total 68608K, used 7982K [0x0000000080000000, 0x0000000084300000, 0x00000000d5580000)
  object space 68608K, 11% used [0x0000000080000000,0x00000000807cbae8,0x0000000084300000)
 Metaspace       used 16074K, committed 16704K, reserved 1114112K
  class space    used 1675K, committed 1984K, reserved 1048576K
}
Event: 7.025 GC heap before
{Heap before GC invocations=6 (full 0):
 PSYoungGen      total 29184K, used 29183K [0x00000000d5580000, 0x00000000d7a00000, 0x0000000100000000)
  eden space 25088K, 100% used [0x00000000d5580000,0x00000000d6e00000,0x00000000d6e00000)
  from space 4096K, 99% used [0x00000000d6e80000,0x00000000d727ff28,0x00000000d7280000)
  to   space 6144K, 0% used [0x00000000d7400000,0x00000000d7400000,0x00000000d7a00000)
 ParOldGen       total 68608K, used 7982K [0x0000000080000000, 0x0000000084300000, 0x00000000d5580000)
  object space 68608K, 11% used [0x0000000080000000,0x00000000807cbae8,0x0000000084300000)
 Metaspace       used 18985K, committed 19776K, reserved 1114112K
  class space    used 2009K, committed 2304K, reserved 1048576K
}
Event: 7.032 GC heap after
{Heap after GC invocations=6 (full 0):
 PSYoungGen      total 29184K, used 4497K [0x00000000d5580000, 0x00000000d7880000, 0x0000000100000000)
  eden space 24576K, 0% used [0x00000000d5580000,0x00000000d5580000,0x00000000d6d80000)
  from space 4608K, 97% used [0x00000000d7400000,0x00000000d7864478,0x00000000d7880000)
  to   space 5120K, 0% used [0x00000000d6e80000,0x00000000d6e80000,0x00000000d7380000)
 ParOldGen       total 68608K, used 7990K [0x0000000080000000, 0x0000000084300000, 0x00000000d5580000)
  object space 68608K, 11% used [0x0000000080000000,0x00000000807cdae8,0x0000000084300000)
 Metaspace       used 18985K, committed 19776K, reserved 1114112K
  class space    used 2009K, committed 2304K, reserved 1048576K
}
Event: 8.072 GC heap before
{Heap before GC invocations=7 (full 0):
 PSYoungGen      total 29184K, used 21237K [0x00000000d5580000, 0x00000000d7880000, 0x0000000100000000)
  eden space 24576K, 68% used [0x00000000d5580000,0x00000000d65d9218,0x00000000d6d80000)
  from space 4608K, 97% used [0x00000000d7400000,0x00000000d7864478,0x00000000d7880000)
  to   space 5120K, 0% used [0x00000000d6e80000,0x00000000d6e80000,0x00000000d7380000)
 ParOldGen       total 68608K, used 7990K [0x0000000080000000, 0x0000000084300000, 0x00000000d5580000)
  object space 68608K, 11% used [0x0000000080000000,0x00000000807cdae8,0x0000000084300000)
 Metaspace       used 20645K, committed 21504K, reserved 1114112K
  class space    used 2213K, committed 2560K, reserved 1048576K
}
Event: 8.080 GC heap after
{Heap after GC invocations=7 (full 0):
 PSYoungGen      total 29184K, used 4252K [0x00000000d5580000, 0x00000000d7680000, 0x0000000100000000)
  eden space 24576K, 0% used [0x00000000d5580000,0x00000000d5580000,0x00000000d6d80000)
  from space 4608K, 92% used [0x00000000d6e80000,0x00000000d72a73b8,0x00000000d7300000)
  to   space 3584K, 0% used [0x00000000d7300000,0x00000000d7300000,0x00000000d7680000)
 ParOldGen       total 68608K, used 9360K [0x0000000080000000, 0x0000000084300000, 0x00000000d5580000)
  object space 68608K, 13% used [0x0000000080000000,0x0000000080924390,0x0000000084300000)
 Metaspace       used 20645K, committed 21504K, reserved 1114112K
  class space    used 2213K, committed 2560K, reserved 1048576K
}
Event: 8.080 GC heap before
{Heap before GC invocations=8 (full 1):
 PSYoungGen      total 29184K, used 4252K [0x00000000d5580000, 0x00000000d7680000, 0x0000000100000000)
  eden space 24576K, 0% used [0x00000000d5580000,0x00000000d5580000,0x00000000d6d80000)
  from space 4608K, 92% used [0x00000000d6e80000,0x00000000d72a73b8,0x00000000d7300000)
  to   space 3584K, 0% used [0x00000000d7300000,0x00000000d7300000,0x00000000d7680000)
 ParOldGen       total 68608K, used 9360K [0x0000000080000000, 0x0000000084300000, 0x00000000d5580000)
  object space 68608K, 13% used [0x0000000080000000,0x0000000080924390,0x0000000084300000)
 Metaspace       used 20645K, committed 21504K, reserved 1114112K
  class space    used 2213K, committed 2560K, reserved 1048576K
}
Event: 8.140 GC heap after
{Heap after GC invocations=8 (full 1):
 PSYoungGen      total 29184K, used 0K [0x00000000d5580000, 0x00000000d7680000, 0x0000000100000000)
  eden space 24576K, 0% used [0x00000000d5580000,0x00000000d5580000,0x00000000d6d80000)
  from space 4608K, 0% used [0x00000000d6e80000,0x00000000d6e80000,0x00000000d7300000)
  to   space 3584K, 0% used [0x00000000d7300000,0x00000000d7300000,0x00000000d7680000)
 ParOldGen       total 68608K, used 12911K [0x0000000080000000, 0x0000000084300000, 0x00000000d5580000)
  object space 68608K, 18% used [0x0000000080000000,0x0000000080c9bcc0,0x0000000084300000)
 Metaspace       used 20632K, committed 21504K, reserved 1114112K
  class space    used 2210K, committed 2560K, reserved 1048576K
}
Event: 8.791 GC heap before
{Heap before GC invocations=9 (full 1):
 PSYoungGen      total 29184K, used 24576K [0x00000000d5580000, 0x00000000d7680000, 0x0000000100000000)
  eden space 24576K, 100% used [0x00000000d5580000,0x00000000d6d80000,0x00000000d6d80000)
  from space 4608K, 0% used [0x00000000d6e80000,0x00000000d6e80000,0x00000000d7300000)
  to   space 3584K, 0% used [0x00000000d7300000,0x00000000d7300000,0x00000000d7680000)
 ParOldGen       total 68608K, used 12911K [0x0000000080000000, 0x0000000084300000, 0x00000000d5580000)
  object space 68608K, 18% used [0x0000000080000000,0x0000000080c9bcc0,0x0000000084300000)
 Metaspace       used 22754K, committed 23616K, reserved 1114112K
  class space    used 2394K, committed 2752K, reserved 1048576K
}
Event: 8.803 GC heap after
{Heap after GC invocations=9 (full 1):
 PSYoungGen      total 25600K, used 1032K [0x00000000d5580000, 0x00000000d7480000, 0x0000000100000000)
  eden space 24064K, 0% used [0x00000000d5580000,0x00000000d5580000,0x00000000d6d00000)
  from space 1536K, 67% used [0x00000000d7300000,0x00000000d74022e0,0x00000000d7480000)
  to   space 2560K, 0% used [0x00000000d6f80000,0x00000000d6f80000,0x00000000d7200000)
 ParOldGen       total 68608K, used 12919K [0x0000000080000000, 0x0000000084300000, 0x00000000d5580000)
  object space 68608K, 18% used [0x0000000080000000,0x0000000080c9dcc0,0x0000000084300000)
 Metaspace       used 22754K, committed 23616K, reserved 1114112K
  class space    used 2394K, committed 2752K, reserved 1048576K
}
Event: 9.448 GC heap before
{Heap before GC invocations=10 (full 1):
 PSYoungGen      total 25600K, used 25096K [0x00000000d5580000, 0x00000000d7480000, 0x0000000100000000)
  eden space 24064K, 100% used [0x00000000d5580000,0x00000000d6d00000,0x00000000d6d00000)
  from space 1536K, 67% used [0x00000000d7300000,0x00000000d74022e0,0x00000000d7480000)
  to   space 2560K, 0% used [0x00000000d6f80000,0x00000000d6f80000,0x00000000d7200000)
 ParOldGen       total 68608K, used 12919K [0x0000000080000000, 0x0000000084300000, 0x00000000d5580000)
  object space 68608K, 18% used [0x0000000080000000,0x0000000080c9dcc0,0x0000000084300000)
 Metaspace       used 26465K, committed 27392K, reserved 1114112K
  class space    used 2660K, committed 3008K, reserved 1048576K
}
Event: 9.450 GC heap after
{Heap after GC invocations=10 (full 1):
 PSYoungGen      total 26112K, used 1128K [0x00000000d5580000, 0x00000000d7380000, 0x0000000100000000)
  eden space 23552K, 0% used [0x00000000d5580000,0x00000000d5580000,0x00000000d6c80000)
  from space 2560K, 44% used [0x00000000d6f80000,0x00000000d709a2e0,0x00000000d7200000)
  to   space 1536K, 0% used [0x00000000d7200000,0x00000000d7200000,0x00000000d7380000)
 ParOldGen       total 68608K, used 12927K [0x0000000080000000, 0x0000000084300000, 0x00000000d5580000)
  object space 68608K, 18% used [0x0000000080000000,0x0000000080c9fcc0,0x0000000084300000)
 Metaspace       used 26465K, committed 27392K, reserved 1114112K
  class space    used 2660K, committed 3008K, reserved 1048576K
}
Event: 9.733 GC heap before
{Heap before GC invocations=11 (full 1):
 PSYoungGen      total 26112K, used 24680K [0x00000000d5580000, 0x00000000d7380000, 0x0000000100000000)
  eden space 23552K, 100% used [0x00000000d5580000,0x00000000d6c80000,0x00000000d6c80000)
  from space 2560K, 44% used [0x00000000d6f80000,0x00000000d709a2e0,0x00000000d7200000)
  to   space 1536K, 0% used [0x00000000d7200000,0x00000000d7200000,0x00000000d7380000)
 ParOldGen       total 68608K, used 12927K [0x0000000080000000, 0x0000000084300000, 0x00000000d5580000)
  object space 68608K, 18% used [0x0000000080000000,0x0000000080c9fcc0,0x0000000084300000)
 Metaspace       used 27812K, committed 28672K, reserved 1114112K
  class space    used 2801K, committed 3136K, reserved 1048576K
}
Event: 9.736 GC heap after
{Heap after GC invocations=11 (full 1):
 PSYoungGen      total 24576K, used 1155K [0x00000000d5580000, 0x00000000d7380000, 0x0000000100000000)
  eden space 23040K, 0% used [0x00000000d5580000,0x00000000d5580000,0x00000000d6c00000)
  from space 1536K, 75% used [0x00000000d7200000,0x00000000d7320f90,0x00000000d7380000)
  to   space 1536K, 0% used [0x00000000d7080000,0x00000000d7080000,0x00000000d7200000)
 ParOldGen       total 68608K, used 15336K [0x0000000080000000, 0x0000000084300000, 0x00000000d5580000)
  object space 68608K, 22% used [0x0000000080000000,0x0000000080efa248,0x0000000084300000)
 Metaspace       used 27812K, committed 28672K, reserved 1114112K
  class space    used 2801K, committed 3136K, reserved 1048576K
}
Event: 10.334 GC heap before
{Heap before GC invocations=12 (full 1):
 PSYoungGen      total 24576K, used 24195K [0x00000000d5580000, 0x00000000d7380000, 0x0000000100000000)
  eden space 23040K, 100% used [0x00000000d5580000,0x00000000d6c00000,0x00000000d6c00000)
  from space 1536K, 75% used [0x00000000d7200000,0x00000000d7320f90,0x00000000d7380000)
  to   space 1536K, 0% used [0x00000000d7080000,0x00000000d7080000,0x00000000d7200000)
 ParOldGen       total 68608K, used 15336K [0x0000000080000000, 0x0000000084300000, 0x00000000d5580000)
  object space 68608K, 22% used [0x0000000080000000,0x0000000080efa248,0x0000000084300000)
 Metaspace       used 31025K, committed 32064K, reserved 1114112K
  class space    used 3170K, committed 3584K, reserved 1048576K
}
Event: 10.336 GC heap after
{Heap after GC invocations=12 (full 1):
 PSYoungGen      total 24064K, used 1480K [0x00000000d5580000, 0x00000000d7280000, 0x0000000100000000)
  eden space 22528K, 0% used [0x00000000d5580000,0x00000000d5580000,0x00000000d6b80000)
  from space 1536K, 96% used [0x00000000d7080000,0x00000000d71f21d8,0x00000000d7200000)
  to   space 512K, 0% used [0x00000000d7200000,0x00000000d7200000,0x00000000d7280000)
 ParOldGen       total 68608K, used 15942K [0x0000000080000000, 0x0000000084300000, 0x00000000d5580000)
  object space 68608K, 23% used [0x0000000080000000,0x0000000080f91a68,0x0000000084300000)
 Metaspace       used 31025K, committed 32064K, reserved 1114112K
  class space    used 3170K, committed 3584K, reserved 1048576K
}

Dll operation events (10 events):
Event: 0.014 Loaded shared library c:\Users\Administrator\.cursor\extensions\redhat.java-1.50.0-win32-x64\jre\21.0.9-win32-x86_64\bin\java.dll
Event: 0.057 Loaded shared library c:\Users\Administrator\.cursor\extensions\redhat.java-1.50.0-win32-x64\jre\21.0.9-win32-x86_64\bin\zip.dll
Event: 0.198 Loaded shared library C:\Users\Administrator\.cursor\extensions\redhat.java-1.50.0-win32-x64\jre\21.0.9-win32-x86_64\bin\instrument.dll
Event: 0.209 Loaded shared library C:\Users\Administrator\.cursor\extensions\redhat.java-1.50.0-win32-x64\jre\21.0.9-win32-x86_64\bin\net.dll
Event: 0.213 Loaded shared library C:\Users\Administrator\.cursor\extensions\redhat.java-1.50.0-win32-x64\jre\21.0.9-win32-x86_64\bin\nio.dll
Event: 0.218 Loaded shared library C:\Users\Administrator\.cursor\extensions\redhat.java-1.50.0-win32-x64\jre\21.0.9-win32-x86_64\bin\zip.dll
Event: 0.250 Loaded shared library C:\Users\Administrator\.cursor\extensions\redhat.java-1.50.0-win32-x64\jre\21.0.9-win32-x86_64\bin\jimage.dll
Event: 0.418 Loaded shared library c:\Users\Administrator\.cursor\extensions\redhat.java-1.50.0-win32-x64\jre\21.0.9-win32-x86_64\bin\verify.dll
Event: 2.693 Loaded shared library C:\Users\Administrator\AppData\Roaming\Cursor\User\globalStorage\redhat.java\1.50.0\config_win\org.eclipse.equinox.launcher\org.eclipse.equinox.launcher.win32.win32.x86_64_1.2.1400.v20250801-0854\eclipse_11916.dll
Event: 5.830 Loaded shared library C:\Users\Administrator\AppData\Local\Temp\jna-146731693\jna14755580230515303861.dll

Deoptimization events (20 events):
Event: 10.201 Thread 0x0000021a7f76f830 Uncommon trap: trap_request=0xffffffc6 fr.pc=0x0000021a6cddd810 relative=0x0000000000000a10
Event: 10.201 Thread 0x0000021a7f76f830 Uncommon trap: reason=bimorphic_or_optimized_type_check action=maybe_recompile pc=0x0000021a6cddd810 method=java.util.HashMap.putVal(ILjava/lang/Object;Ljava/lang/Object;ZZ)Ljava/lang/Object; @ 56 c2
Event: 10.201 Thread 0x0000021a7f76f830 DEOPT PACKING pc=0x0000021a6cddd810 sp=0x00000035da4fdc20
Event: 10.201 Thread 0x0000021a7f76f830 DEOPT UNPACKING pc=0x0000021a6c7d3aa2 sp=0x00000035da4fdb88 mode 2
Event: 10.262 Thread 0x0000021a41483210 Uncommon trap: trap_request=0xffffff45 fr.pc=0x0000021a6ce64228 relative=0x0000000000000ba8
Event: 10.262 Thread 0x0000021a41483210 Uncommon trap: reason=unstable_if action=reinterpret pc=0x0000021a6ce64228 method=java.util.concurrent.ConcurrentHashMap.transfer([Ljava/util/concurrent/ConcurrentHashMap$Node;[Ljava/util/concurrent/ConcurrentHashMap$Node;)V @ 26 c2
Event: 10.262 Thread 0x0000021a41483210 DEOPT PACKING pc=0x0000021a6ce64228 sp=0x00000035da9fc850
Event: 10.262 Thread 0x0000021a41483210 DEOPT UNPACKING pc=0x0000021a6c7d3aa2 sp=0x00000035da9fc7b0 mode 2
Event: 10.345 Thread 0x0000021a41483210 Uncommon trap: trap_request=0xffffff45 fr.pc=0x0000021a6cdd9954 relative=0x0000000000000894
Event: 10.345 Thread 0x0000021a41483210 Uncommon trap: reason=unstable_if action=reinterpret pc=0x0000021a6cdd9954 method=jdk.internal.org.objectweb.asm.SymbolTable.put(Ljdk/internal/org/objectweb/asm/SymbolTable$Entry;)Ljdk/internal/org/objectweb/asm/SymbolTable$Entry; @ 13 c2
Event: 10.345 Thread 0x0000021a41483210 DEOPT PACKING pc=0x0000021a6cdd9954 sp=0x00000035da9fd9e0
Event: 10.345 Thread 0x0000021a41483210 DEOPT UNPACKING pc=0x0000021a6c7d3aa2 sp=0x00000035da9fd8f8 mode 2
Event: 10.369 Thread 0x0000021a41483210 Uncommon trap: trap_request=0xffffffc6 fr.pc=0x0000021a6ce291e8 relative=0x0000000000000f08
Event: 10.369 Thread 0x0000021a41483210 Uncommon trap: reason=bimorphic_or_optimized_type_check action=maybe_recompile pc=0x0000021a6ce291e8 method=java.util.Properties$LineReader.readLine()I @ 479 c2
Event: 10.369 Thread 0x0000021a41483210 DEOPT PACKING pc=0x0000021a6ce291e8 sp=0x00000035da9fdaf0
Event: 10.369 Thread 0x0000021a41483210 DEOPT UNPACKING pc=0x0000021a6c7d3aa2 sp=0x00000035da9fda90 mode 2
Event: 10.437 Thread 0x0000021a41483210 Uncommon trap: trap_request=0xffffff45 fr.pc=0x0000021a6ce61fd4 relative=0x0000000000000134
Event: 10.437 Thread 0x0000021a41483210 Uncommon trap: reason=unstable_if action=reinterpret pc=0x0000021a6ce61fd4 method=java.util.ArrayList.indexOfRange(Ljava/lang/Object;II)I @ 7 c2
Event: 10.437 Thread 0x0000021a41483210 DEOPT PACKING pc=0x0000021a6ce61fd4 sp=0x00000035da9fe660
Event: 10.437 Thread 0x0000021a41483210 DEOPT UNPACKING pc=0x0000021a6c7d3aa2 sp=0x00000035da9fe520 mode 2

Classes loaded (20 events):
Event: 10.406 Loading class com/sun/org/apache/xml/internal/serializer/AttributesImplSerializer
Event: 10.406 Loading class org/xml/sax/helpers/AttributesImpl
Event: 10.406 Loading class org/xml/sax/helpers/AttributesImpl done
Event: 10.406 Loading class com/sun/org/apache/xml/internal/serializer/AttributesImplSerializer done
Event: 10.406 Loading class com/sun/org/apache/xml/internal/serializer/ElemContext
Event: 10.406 Loading class com/sun/org/apache/xml/internal/serializer/ElemContext done
Event: 10.406 Loading class com/sun/org/apache/xml/internal/serializer/ToStream$BoolStack
Event: 10.407 Loading class com/sun/org/apache/xml/internal/serializer/ToStream$BoolStack done
Event: 10.407 Loading class com/sun/org/apache/xml/internal/serializer/EncodingInfo
Event: 10.407 Loading class com/sun/org/apache/xml/internal/serializer/EncodingInfo done
Event: 10.407 Loading class com/sun/org/apache/xml/internal/serializer/ToStream$CharacterBuffer
Event: 10.409 Loading class com/sun/org/apache/xml/internal/serializer/ToStream$CharacterBuffer done
Event: 10.409 Loading class com/sun/org/apache/xml/internal/serializer/Encodings
Event: 10.410 Loading class com/sun/org/apache/xml/internal/serializer/Encodings done
Event: 10.410 Loading class com/sun/org/apache/xml/internal/serializer/Encodings$EncodingInfos
Event: 10.410 Loading class com/sun/org/apache/xml/internal/serializer/Encodings$EncodingInfos done
Event: 10.432 Loading class java/nio/charset/Charset$ExtendedProviderHolder
Event: 10.433 Loading class java/nio/charset/Charset$ExtendedProviderHolder done
Event: 10.433 Loading class java/nio/charset/Charset$ExtendedProviderHolder$1
Event: 10.433 Loading class java/nio/charset/Charset$ExtendedProviderHolder$1 done

Classes unloaded (7 events):
Event: 8.087 Thread 0x0000021a61fe45c0 Unloading class 0x0000021a011ad000 'java/lang/invoke/LambdaForm$MH+0x0000021a011ad000'
Event: 8.087 Thread 0x0000021a61fe45c0 Unloading class 0x0000021a011acc00 'java/lang/invoke/LambdaForm$MH+0x0000021a011acc00'
Event: 8.087 Thread 0x0000021a61fe45c0 Unloading class 0x0000021a011ac800 'java/lang/invoke/LambdaForm$MH+0x0000021a011ac800'
Event: 8.087 Thread 0x0000021a61fe45c0 Unloading class 0x0000021a011ac400 'java/lang/invoke/LambdaForm$MH+0x0000021a011ac400'
Event: 8.087 Thread 0x0000021a61fe45c0 Unloading class 0x0000021a011ac000 'java/lang/invoke/LambdaForm$BMH+0x0000021a011ac000'
Event: 8.087 Thread 0x0000021a61fe45c0 Unloading class 0x0000021a011abc00 'java/lang/invoke/LambdaForm$DMH+0x0000021a011abc00'
Event: 8.087 Thread 0x0000021a61fe45c0 Unloading class 0x0000021a011aac00 'java/lang/invoke/LambdaForm$DMH+0x0000021a011aac00'

Classes redefined (0 events):
No events

Internal exceptions (20 events):
Event: 7.905 Thread 0x0000021a7f76f830 Exception <a 'java/lang/NoSuchMethodError'{0x00000000d63b1140}: 'int java.lang.invoke.DirectMethodHandle$Holder.invokeStaticInit(java.lang.Object, double, double)'> (0x00000000d63b1140) 
thrown [s\src\hotspot\share\interpreter\linkResolver.cpp, line 773]
Event: 7.906 Thread 0x0000021a7f76f830 Exception <a 'java/lang/NoSuchMethodError'{0x00000000d63b6558}: 'int java.lang.invoke.DirectMethodHandle$Holder.invokeStatic(java.lang.Object, long)'> (0x00000000d63b6558) 
thrown [s\src\hotspot\share\interpreter\linkResolver.cpp, line 773]
Event: 7.911 Thread 0x0000021a7f76f830 Exception <a 'java/lang/NoSuchMethodError'{0x00000000d63d54d8}: 'int java.lang.invoke.Invokers$Holder.linkToTargetMethod(java.lang.Object, java.lang.Object)'> (0x00000000d63d54d8) 
thrown [s\src\hotspot\share\interpreter\linkResolver.cpp, line 773]
Event: 7.992 Thread 0x0000021a7f76f830 Exception <a 'java/lang/NoSuchMethodError'{0x00000000d647bcb0}: 'java.lang.Object java.lang.invoke.Invokers$Holder.invoke_MT(java.lang.Object, java.lang.Object, java.lang.Object, java.lang.Object, java.lang.Object, java.lang.Object, java.lang.Object, java.lang.Object, java.lang.Object, java.lang.Object, java.lang.Object)'> (0x00000000d647bcb0) 
thrown [s\src\hotspot\share\interpreter\linkResolver.cpp, line 773]
Event: 8.036 Thread 0x0000021a7f76f830 Exception <a 'java/lang/NoSuchMethodError'{0x00000000d6509240}: 'java.lang.Object java.lang.invoke.Invokers$Holder.invoke_MT(java.lang.Object, java.lang.Object, java.lang.Object, java.lang.Object, java.lang.Object, java.lang.Object, java.lang.Object, java.lang.Object, java.lang.Object, java.lang.Object)'> (0x00000000d6509240) 
thrown [s\src\hotspot\share\interpreter\linkResolver.cpp, line 773]
Event: 8.152 Thread 0x0000021a7f76f830 Exception <a 'java/lang/NoSuchMethodError'{0x00000000d55b19b0}: 'java.lang.Object java.lang.invoke.DirectMethodHandle$Holder.newInvokeSpecial(java.lang.Object, java.lang.Object, java.lang.Object, java.lang.Object, java.lang.Object, java.lang.Object, java.lang.Object)'> (0x00000000d55b19b0) 
thrown [s\src\hotspot\share\interpreter\linkResolver.cpp, line 773]
Event: 8.169 Thread 0x0000021a7f76f830 Exception <a 'java/lang/NoSuchMethodError'{0x00000000d5629c10}: 'java.lang.Object java.lang.invoke.Invokers$Holder.invoker(java.lang.Object, java.lang.Object, java.lang.Object, java.lang.Object, java.lang.Object, java.lang.Object, java.lang.Object, java.lang.Object, java.lang.Object, java.lang.Object, java.lang.Object, java.lang.Object, java.lang.Object)'> (0x00000000d5629c10) 
thrown [s\src\hotspot\share\interpreter\linkResolver.cpp, line 773]
Event: 8.171 Thread 0x0000021a7f76f830 Exception <a 'java/lang/NoSuchMethodError'{0x00000000d56340a8}: 'java.lang.Object java.lang.invoke.DelegatingMethodHandle$Holder.delegate(java.lang.Object, java.lang.Object, java.lang.Object, java.lang.Object, java.lang.Object, java.lang.Object, java.lang.Object, java.lang.Object, java.lang.Object, java.lang.Object, java.lang.Object, java.lang.Object, java.lang.Object)'> (0x00000000d56340a8) 
thrown [s\src\hotspot\share\interpreter\linkResolver.cpp, line 773]
Event: 8.204 Thread 0x0000021a7f76f830 Exception <a 'java/lang/NoSuchMethodError'{0x00000000d56a47f0}: static Lorg/eclipse/m2e/core/internal/lifecyclemapping/model/PluginExecutionMetadata;.<clinit>()V> (0x00000000d56a47f0) 
thrown [s\src\hotspot\share\prims\jni.cpp, line 1111]
Event: 8.215 Thread 0x0000021a7f76f830 Exception <a 'java/lang/NoSuchMethodError'{0x00000000d5704618}: static Lorg/eclipse/m2e/core/internal/lifecyclemapping/model/PluginExecutionFilter;.<clinit>()V> (0x00000000d5704618) 
thrown [s\src\hotspot\share\prims\jni.cpp, line 1111]
Event: 8.222 Thread 0x0000021a7f76f830 Exception <a 'java/lang/NoSuchMethodError'{0x00000000d5736d58}: static Lorg/eclipse/m2e/core/internal/project/registry/MavenProjectFacade$MavenProjectConfiguration;.<clinit>()V> (0x00000000d5736d58) 
thrown [s\src\hotspot\share\prims\jni.cpp, line 1111]
Event: 8.509 Thread 0x0000021a7f76f830 Exception <a 'java/lang/NoSuchMethodError'{0x00000000d5bd68d0}: 'double java.lang.invoke.DirectMethodHandle$Holder.invokeStatic(java.lang.Object, java.lang.Object)'> (0x00000000d5bd68d0) 
thrown [s\src\hotspot\share\interpreter\linkResolver.cpp, line 773]
Event: 8.510 Thread 0x0000021a7f76f830 Exception <a 'java/lang/NoSuchMethodError'{0x00000000d5bd9f90}: 'double java.lang.invoke.DirectMethodHandle$Holder.invokeStaticInit(java.lang.Object, java.lang.Object)'> (0x00000000d5bd9f90) 
thrown [s\src\hotspot\share\interpreter\linkResolver.cpp, line 773]
Event: 9.582 Thread 0x0000021a41483210 Exception <a 'java/lang/NoSuchMethodError'{0x00000000d5cafaa0}: 'java.lang.Object java.lang.invoke.DirectMethodHandle$Holder.invokeSpecialIFC(java.lang.Object, java.lang.Object, java.lang.Object, java.lang.Object)'> (0x00000000d5cafaa0) 
thrown [s\src\hotspot\share\interpreter\linkResolver.cpp, line 773]
Event: 9.590 Thread 0x0000021a7f76f830 Exception <a 'java/lang/NoSuchMethodError'{0x00000000d634f0f0}: 'java.lang.Object java.lang.invoke.DirectMethodHandle$Holder.newInvokeSpecial(java.lang.Object, int, java.lang.Object, java.lang.Object)'> (0x00000000d634f0f0) 
thrown [s\src\hotspot\share\interpreter\linkResolver.cpp, line 773]
Event: 10.068 Thread 0x0000021a7f76f830 Exception <a 'java/lang/ClassNotFoundException'{0x00000000d5f00fa0}: com/sun/org/apache/xerces/internal/impl/msg/spi/DOMMessagesProvider> (0x00000000d5f00fa0) 
thrown [s\src\hotspot\share\classfile\systemDictionary.cpp, line 312]
Event: 10.071 Thread 0x0000021a7f76f830 Exception <a 'java/lang/ClassNotFoundException'{0x00000000d5f23a90}: com/sun/org/apache/xerces/internal/impl/msg/spi/XMLSerializerMessagesProvider> (0x00000000d5f23a90) 
thrown [s\src\hotspot\share\classfile\systemDictionary.cpp, line 312]
Event: 10.099 Thread 0x0000021a7f76f830 Exception <a 'java/lang/ClassNotFoundException'{0x00000000d5f3dbc0}: com/sun/org/apache/xerces/internal/impl/msg/spi/XMLMessagesProvider> (0x00000000d5f3dbc0) 
thrown [s\src\hotspot\share\classfile\systemDictionary.cpp, line 312]
Event: 10.397 Thread 0x0000021a41483210 Exception <a 'java/lang/NoClassDefFoundError'{0x00000000d58d9bc8}: javax/enterprise/inject/Typed> (0x00000000d58d9bc8) 
thrown [s\src\hotspot\share\classfile\systemDictionary.cpp, line 301]
Event: 10.404 Thread 0x0000021a7f76f830 Exception <a 'java/lang/ClassNotFoundException'{0x00000000d58c2150}: com/sun/org/apache/xml/internal/serializer/spi/XMLEntitiesProvider> (0x00000000d58c2150) 
thrown [s\src\hotspot\share\classfile\systemDictionary.cpp, line 312]

ZGC Phase Switch (0 events):
No events

VM Operations (20 events):
Event: 7.025 Executing VM operation: ParallelGCFailedAllocation (Allocation Failure)
Event: 7.032 Executing VM operation: ParallelGCFailedAllocation (Allocation Failure) done
Event: 7.833 Executing VM operation: HandshakeAllThreads (Deoptimize)
Event: 7.833 Executing VM operation: HandshakeAllThreads (Deoptimize) done
Event: 8.072 Executing VM operation: CollectForMetadataAllocation (Metadata GC Threshold)
Event: 8.140 Executing VM operation: CollectForMetadataAllocation (Metadata GC Threshold) done
Event: 8.791 Executing VM operation: ParallelGCFailedAllocation (Allocation Failure)
Event: 8.803 Executing VM operation: ParallelGCFailedAllocation (Allocation Failure) done
Event: 9.448 Executing VM operation: ParallelGCFailedAllocation (Allocation Failure)
Event: 9.450 Executing VM operation: ParallelGCFailedAllocation (Allocation Failure) done
Event: 9.517 Executing VM operation: HandshakeAllThreads (Deoptimize)
Event: 9.517 Executing VM operation: HandshakeAllThreads (Deoptimize) done
Event: 9.733 Executing VM operation: ParallelGCFailedAllocation (Allocation Failure)
Event: 9.736 Executing VM operation: ParallelGCFailedAllocation (Allocation Failure) done
Event: 10.200 Executing VM operation: HandshakeAllThreads (Deoptimize)
Event: 10.200 Executing VM operation: HandshakeAllThreads (Deoptimize) done
Event: 10.334 Executing VM operation: ParallelGCFailedAllocation (Allocation Failure)
Event: 10.336 Executing VM operation: ParallelGCFailedAllocation (Allocation Failure) done
Event: 10.376 Executing VM operation: HandshakeAllThreads (Deoptimize)
Event: 10.376 Executing VM operation: HandshakeAllThreads (Deoptimize) done

Memory protections (0 events):
No events

Nmethod flushes (0 events):
No events

Events (20 events):
Event: 2.289 Thread 0x0000021a6205ea00 Thread added: 0x0000021a7f7f8370
Event: 2.680 Thread 0x0000021a6205ea00 Thread added: 0x0000021a7f7b42e0
Event: 2.779 Thread 0x0000021a7f7b42e0 Thread added: 0x0000021a7f76ee00
Event: 2.783 Thread 0x0000021a6205ea00 Thread added: 0x0000021a7f76f830
Event: 3.024 Thread 0x0000021a7f28be60 Thread exited: 0x0000021a7f28be60
Event: 3.096 Thread 0x0000021a79db6200 Thread added: 0x0000021a7f28be60
Event: 3.566 Thread 0x0000021a7f76f830 Thread added: 0x0000021a416831a0
Event: 3.900 Thread 0x0000021a7f28be60 Thread exited: 0x0000021a7f28be60
Event: 4.186 Thread 0x0000021a7f76f830 Thread added: 0x0000021a416d7900
Event: 4.412 Thread 0x0000021a7f590c50 Thread exited: 0x0000021a7f590c50
Event: 4.439 Thread 0x0000021a79d67c90 Thread added: 0x0000021a7f590c50
Event: 4.440 Thread 0x0000021a79d67c90 Thread added: 0x0000021a411a3f90
Event: 4.946 Thread 0x0000021a411a3f90 Thread exited: 0x0000021a411a3f90
Event: 5.019 Thread 0x0000021a7f590c50 Thread exited: 0x0000021a7f590c50
Event: 5.065 Thread 0x0000021a7f76f830 Thread added: 0x0000021a4164cdb0
Event: 5.875 Thread 0x0000021a7f76f830 Thread added: 0x0000021a4180f020
Event: 5.954 Thread 0x0000021a7f76f830 Thread added: 0x0000021a41483210
Event: 6.002 Thread 0x0000021a7f76f830 Thread added: 0x0000021a414824f0
Event: 9.643 Thread 0x0000021a414824f0 Thread added: 0x0000021a41481e60
Event: 10.145 Thread 0x0000021a7f76f830 Thread added: 0x0000021a414838a0


Dynamic libraries:
0x00007ff7d24f0000 - 0x00007ff7d24fe000 	c:\Users\Administrator\.cursor\extensions\redhat.java-1.50.0-win32-x64\jre\21.0.9-win32-x86_64\bin\java.exe
0x00007ffb4f2f0000 - 0x00007ffb4f507000 	C:\Windows\SYSTEM32\ntdll.dll
0x00007ffb4e4c0000 - 0x00007ffb4e584000 	C:\Windows\System32\KERNEL32.DLL
0x00007ffb4c660000 - 0x00007ffb4ca05000 	C:\Windows\System32\KERNELBASE.dll
0x00007ffb45b50000 - 0x00007ffb45be7000 	C:\Windows\SYSTEM32\apphelp.dll
0x00007ffb4ca10000 - 0x00007ffb4cb21000 	C:\Windows\System32\ucrtbase.dll
0x00007ffb0b0a0000 - 0x00007ffb0b0b8000 	c:\Users\Administrator\.cursor\extensions\redhat.java-1.50.0-win32-x64\jre\21.0.9-win32-x86_64\bin\jli.dll
0x00007ffb4d040000 - 0x00007ffb4d1ee000 	C:\Windows\System32\USER32.dll
0x00007ffb4cb30000 - 0x00007ffb4cb56000 	C:\Windows\System32\win32u.dll
0x00007ffb4e490000 - 0x00007ffb4e4b9000 	C:\Windows\System32\GDI32.dll
0x00007ffb4cb60000 - 0x00007ffb4cc79000 	C:\Windows\System32\gdi32full.dll
0x00007ffb4cdb0000 - 0x00007ffb4ce4a000 	C:\Windows\System32\msvcp_win.dll
0x00007ffadf760000 - 0x00007ffadf77e000 	c:\Users\Administrator\.cursor\extensions\redhat.java-1.50.0-win32-x64\jre\21.0.9-win32-x86_64\bin\VCRUNTIME140.dll
0x00007ffb31cb0000 - 0x00007ffb31f43000 	C:\Windows\WinSxS\amd64_microsoft.windows.common-controls_6595b64144ccf1df_6.0.22621.2506_none_270c5ae97388e100\COMCTL32.dll
0x00007ffb4e310000 - 0x00007ffb4e3b7000 	C:\Windows\System32\msvcrt.dll
0x00007ffb4f270000 - 0x00007ffb4f2a1000 	C:\Windows\System32\IMM32.DLL
0x00007ffb1f6c0000 - 0x00007ffb1f6cc000 	c:\Users\Administrator\.cursor\extensions\redhat.java-1.50.0-win32-x64\jre\21.0.9-win32-x86_64\bin\vcruntime140_1.dll
0x00007ffaca8c0000 - 0x00007ffaca94d000 	c:\Users\Administrator\.cursor\extensions\redhat.java-1.50.0-win32-x64\jre\21.0.9-win32-x86_64\bin\msvcp140.dll
0x00007ff9e64d0000 - 0x00007ff9e7270000 	c:\Users\Administrator\.cursor\extensions\redhat.java-1.50.0-win32-x64\jre\21.0.9-win32-x86_64\bin\server\jvm.dll
0x00007ffb4d1f0000 - 0x00007ffb4d2a1000 	C:\Windows\System32\ADVAPI32.dll
0x00007ffb4e3c0000 - 0x00007ffb4e466000 	C:\Windows\System32\sechost.dll
0x00007ffb4e6e0000 - 0x00007ffb4e7f7000 	C:\Windows\System32\RPCRT4.dll
0x00007ffb4da00000 - 0x00007ffb4da71000 	C:\Windows\System32\WS2_32.dll
0x00007ffb4b4b0000 - 0x00007ffb4b4fd000 	C:\Windows\SYSTEM32\POWRPROF.dll
0x00007ffb43040000 - 0x00007ffb43074000 	C:\Windows\SYSTEM32\WINMM.dll
0x00007ffb425e0000 - 0x00007ffb425ea000 	C:\Windows\SYSTEM32\VERSION.dll
0x00007ffb4b490000 - 0x00007ffb4b4a3000 	C:\Windows\SYSTEM32\UMPDC.dll
0x00007ffb4b750000 - 0x00007ffb4b768000 	C:\Windows\SYSTEM32\kernel.appcore.dll
0x00007ffb0b6c0000 - 0x00007ffb0b6ca000 	c:\Users\Administrator\.cursor\extensions\redhat.java-1.50.0-win32-x64\jre\21.0.9-win32-x86_64\bin\jimage.dll
0x00007ffb49f60000 - 0x00007ffb4a193000 	C:\Windows\SYSTEM32\DBGHELP.DLL
0x00007ffb4d330000 - 0x00007ffb4d6b9000 	C:\Windows\System32\combase.dll
0x00007ffb4d780000 - 0x00007ffb4d857000 	C:\Windows\System32\OLEAUT32.dll
0x00007ffb3ed50000 - 0x00007ffb3ed82000 	C:\Windows\SYSTEM32\dbgcore.DLL
0x00007ffb4cfc0000 - 0x00007ffb4d03a000 	C:\Windows\System32\bcryptPrimitives.dll
0x00007ffb0b670000 - 0x00007ffb0b67f000 	c:\Users\Administrator\.cursor\extensions\redhat.java-1.50.0-win32-x64\jre\21.0.9-win32-x86_64\bin\instrument.dll
0x00007ffad4380000 - 0x00007ffad43a0000 	c:\Users\Administrator\.cursor\extensions\redhat.java-1.50.0-win32-x64\jre\21.0.9-win32-x86_64\bin\java.dll
0x00007ffb4e910000 - 0x00007ffb4f169000 	C:\Windows\System32\SHELL32.dll
0x00007ffb4a590000 - 0x00007ffb4ae84000 	C:\Windows\SYSTEM32\windows.storage.dll
0x00007ffb4a450000 - 0x00007ffb4a58e000 	C:\Windows\SYSTEM32\wintypes.dll
0x00007ffb4f170000 - 0x00007ffb4f263000 	C:\Windows\System32\SHCORE.dll
0x00007ffb4da80000 - 0x00007ffb4dade000 	C:\Windows\System32\shlwapi.dll
0x00007ffb4c590000 - 0x00007ffb4c5b6000 	C:\Windows\SYSTEM32\profapi.dll
0x00007ffad4360000 - 0x00007ffad4378000 	c:\Users\Administrator\.cursor\extensions\redhat.java-1.50.0-win32-x64\jre\21.0.9-win32-x86_64\bin\zip.dll
0x00007ffb0adb0000 - 0x00007ffb0adc0000 	C:\Users\Administrator\.cursor\extensions\redhat.java-1.50.0-win32-x64\jre\21.0.9-win32-x86_64\bin\net.dll
0x00007ffb45960000 - 0x00007ffb45a97000 	C:\Windows\SYSTEM32\WINHTTP.dll
0x00007ffb4bbd0000 - 0x00007ffb4bc39000 	C:\Windows\system32\mswsock.dll
0x00007ffad3e30000 - 0x00007ffad3e46000 	C:\Users\Administrator\.cursor\extensions\redhat.java-1.50.0-win32-x64\jre\21.0.9-win32-x86_64\bin\nio.dll
0x00007ffb0ae10000 - 0x00007ffb0ae20000 	c:\Users\Administrator\.cursor\extensions\redhat.java-1.50.0-win32-x64\jre\21.0.9-win32-x86_64\bin\verify.dll
0x00007ffac98c0000 - 0x00007ffac9904000 	C:\Users\Administrator\AppData\Roaming\Cursor\User\globalStorage\redhat.java\1.50.0\config_win\org.eclipse.equinox.launcher\org.eclipse.equinox.launcher.win32.win32.x86_64_1.2.1400.v20250801-0854\eclipse_11916.dll
0x00007ffb4d860000 - 0x00007ffb4da00000 	C:\Windows\System32\ole32.dll
0x00007ffb4be20000 - 0x00007ffb4be3b000 	C:\Windows\SYSTEM32\CRYPTSP.dll
0x00007ffb4b6b0000 - 0x00007ffb4b6e5000 	C:\Windows\system32\rsaenh.dll
0x00007ffb4bcc0000 - 0x00007ffb4bcec000 	C:\Windows\SYSTEM32\USERENV.dll
0x00007ffb4c010000 - 0x00007ffb4c038000 	C:\Windows\SYSTEM32\bcrypt.dll
0x00007ffb4be40000 - 0x00007ffb4be4c000 	C:\Windows\SYSTEM32\CRYPTBASE.dll
0x00007ffb4b160000 - 0x00007ffb4b18d000 	C:\Windows\SYSTEM32\IPHLPAPI.DLL
0x00007ffb4d770000 - 0x00007ffb4d779000 	C:\Windows\System32\NSI.dll
0x00007ffac8f30000 - 0x00007ffac8f79000 	C:\Users\Administrator\AppData\Local\Temp\jna-146731693\jna14755580230515303861.dll
0x00007ffb4e900000 - 0x00007ffb4e908000 	C:\Windows\System32\PSAPI.DLL

JVMTI agents:
c:\Users\Administrator\.cursor\extensions\redhat.java-1.50.0-win32-x64\lombok\lombok-1.18.39-4050.jar path:c:\Users\Administrator\.cursor\extensions\redhat.java-1.50.0-win32-x64\jre\21.0.9-win32-x86_64\bin\instrument.dll, loaded, initialized, instrumentlib options:none

dbghelp: loaded successfully - version: 4.0.5 - missing functions: none
symbol engine: initialized successfully - sym options: 0x614 - pdb path: .;c:\Users\Administrator\.cursor\extensions\redhat.java-1.50.0-win32-x64\jre\21.0.9-win32-x86_64\bin;C:\Windows\SYSTEM32;C:\Windows\WinSxS\amd64_microsoft.windows.common-controls_6595b64144ccf1df_6.0.22621.2506_none_270c5ae97388e100;c:\Users\Administrator\.cursor\extensions\redhat.java-1.50.0-win32-x64\jre\21.0.9-win32-x86_64\bin\server;C:\Users\Administrator\AppData\Roaming\Cursor\User\globalStorage\redhat.java\1.50.0\config_win\org.eclipse.equinox.launcher\org.eclipse.equinox.launcher.win32.win32.x86_64_1.2.1400.v20250801-0854;C:\Users\Administrator\AppData\Local\Temp\jna-146731693

VM Arguments:
jvm_args: --add-modules=ALL-SYSTEM --add-opens=java.base/java.util=ALL-UNNAMED --add-opens=java.base/java.lang=ALL-UNNAMED --add-opens=java.base/sun.nio.fs=ALL-UNNAMED -Declipse.application=org.eclipse.jdt.ls.core.id1 -Dosgi.bundles.defaultStartLevel=4 -Declipse.product=org.eclipse.jdt.ls.core.product -Djava.import.generatesMetadataFilesAtProjectRoot=false -DDetectVMInstallationsJob.disabled=true -Dfile.encoding=utf8 -XX:+UseParallelGC -XX:GCTimeRatio=4 -XX:AdaptiveSizePolicyWeight=90 -Dsun.zip.disableMemoryMapping=true -Xmx2G -Xms100m -Xlog:disable -javaagent:c:\Users\Administrator\.cursor\extensions\redhat.java-1.50.0-win32-x64\lombok\lombok-1.18.39-4050.jar -XX:+HeapDumpOnOutOfMemoryError -XX:HeapDumpPath=c:\Users\Administrator\AppData\Roaming\Cursor\User\workspaceStorage\32af6ac0484b3007e8c77c80ee50c6dd\redhat.java -Daether.dependencyCollector.impl=bf 
java_command: c:\Users\Administrator\.cursor\extensions\redhat.java-1.50.0-win32-x64\server\plugins\org.eclipse.equinox.launcher_1.7.100.v20251111-0406.jar -configuration c:\Users\Administrator\AppData\Roaming\Cursor\User\globalStorage\redhat.java\1.50.0\config_win -data c:\Users\Administrator\AppData\Roaming\Cursor\User\workspaceStorage\32af6ac0484b3007e8c77c80ee50c6dd\redhat.java\jdt_ws --pipe=\\.\pipe\lsp-9e121e466cd34d84d983b3915dce0d89-sock
java_class_path (initial): c:\Users\Administrator\.cursor\extensions\redhat.java-1.50.0-win32-x64\server\plugins\org.eclipse.equinox.launcher_1.7.100.v20251111-0406.jar
Launcher Type: SUN_STANDARD

[Global flags]
    uintx AdaptiveSizePolicyWeight                 = 90                                        {product} {command line}
     intx CICompilerCount                          = 4                                         {product} {ergonomic}
    uintx GCTimeRatio                              = 4                                         {product} {command line}
     bool HeapDumpOnOutOfMemoryError               = true                                   {manageable} {command line}
    ccstr HeapDumpPath                             = c:\Users\Administrator\AppData\Roaming\Cursor\User\workspaceStorage\32af6ac0484b3007e8c77c80ee50c6dd\redhat.java         {manageable} {command line}
   size_t InitialHeapSize                          = 104857600                                 {product} {command line}
   size_t MaxHeapSize                              = 2147483648                                {product} {command line}
   size_t MaxNewSize                               = 715653120                                 {product} {ergonomic}
   size_t MinHeapDeltaBytes                        = 524288                                    {product} {ergonomic}
   size_t MinHeapSize                              = 104857600                                 {product} {command line}
   size_t NewSize                                  = 34603008                                  {product} {ergonomic}
    uintx NonNMethodCodeHeapSize                   = 5839372                                {pd product} {ergonomic}
    uintx NonProfiledCodeHeapSize                  = 122909434                              {pd product} {ergonomic}
   size_t OldSize                                  = 70254592                                  {product} {ergonomic}
    uintx ProfiledCodeHeapSize                     = 122909434                              {pd product} {ergonomic}
    uintx ReservedCodeCacheSize                    = 251658240                              {pd product} {ergonomic}
     bool SegmentedCodeCache                       = true                                      {product} {ergonomic}
   size_t SoftMaxHeapSize                          = 2147483648                             {manageable} {ergonomic}
     bool UseCompressedOops                        = true                           {product lp64_product} {ergonomic}
     bool UseLargePagesIndividualAllocation        = false                                  {pd product} {ergonomic}
     bool UseParallelGC                            = true                                      {product} {command line}

Logging:
Log output configuration:
 #0: stdout all=off uptime,level,tags foldmultilines=false
 #1: stderr all=off uptime,level,tags foldmultilines=false

Release file:
JAVA_VERSION="21.0.9" 
MODULES="java.base java.compiler java.datatransfer java.xml java.prefs java.desktop java.instrument java.logging java.management java.security.sasl java.naming java.rmi java.management.rmi java.net.http java.scripting java.security.jgss java.transaction.xa java.sql java.sql.rowset java.xml.crypto java.se java.smartcardio jdk.accessibility jdk.internal.jvmstat jdk.attach jdk.charsets jdk.internal.opt jdk.zipfs jdk.compiler jdk.crypto.ec jdk.crypto.cryptoki jdk.crypto.mscapi jdk.dynalink jdk.internal.ed jdk.editpad jdk.hotspot.agent jdk.httpserver jdk.internal.le jdk.internal.vm.ci jdk.internal.vm.compiler jdk.internal.vm.compiler.management jdk.jartool jdk.javadoc jdk.jcmd jdk.management jdk.management.agent jdk.jconsole jdk.jdeps jdk.jdwp.agent jdk.jdi jdk.jfr jdk.jshell jdk.jsobject jdk.jstatd jdk.localedata jdk.management.jfr jdk.naming.dns jdk.naming.rmi jdk.net jdk.nio.mapmode jdk.random jdk.sctp jdk.security.auth jdk.security.jgss jdk.unsupported jdk.unsupported.desktop jdk.xml.dom" 

Environment Variables:
JAVA_HOME=E:\jdk17
CLASSPATH=E:\jdk17\lib\dt.jar;E:\jdk17\lib\tools.jar
PATH=C:\Program Files (x86)\Microsoft\Edge\Application;E:\Python311\Scripts\;E:\Python311\;E:\Python314\Scripts\;E:\Python314\;E:\VMware Workstation\bin\;E:\jdk17\bin;E:\Python311\Scripts\;E:\Python311\;E:\Python314\Scripts\;E:\Python314\;E:\VMware Workstation\bin\;E:\jdk17\bin;E:\Python311\Scripts\;E:\Python311\;E:\Python314\Scripts\;E:\Python314\;E:\VMware Workstation\bin\;E:\jdk17\bin;C:\Windows\System32;C:\Windows\System32;C:\Windows;E:\Maven\apache-maven-3.9.9\bin;E:\DataGrip2024.3.5\DataGrip 2024.3.5\bin;E:\IDEA\IntelliJ IDEA 2024.3.3\bin;E:\VSCode\Microsoft VS Code\bin;E:\Cursor\cursor\resources\app\bin;C:\Users\Administrator\AppData\Roaming\npm;C:\Windows\System32\WindowsPowerShell\v1.0\;C:\Program Files (x86)\Windows Kits\10\Windows Performance Toolkit\;C:\Windows\System32\OpenSSH\;E:\Git\Git\cmd;E:\Node;C:\Program Files\Pandoc\;C:\Windows\System32;C:\Windows;E:\Maven\apache-maven-3.9.9\bin;E:\DataGrip2024.3.5\DataGrip 2024.3.5\bin;E:\IDEA\IntelliJ IDEA 2024.3.3\bin;E:\VSCode\Microsoft VS Code\bin;E:\Cursor\cursor\resources\app\bin;C:\Users\Administrator\AppData\Roaming\npm;C:\Windows\System32\WindowsPowerShell\v1.0\;C:\Program Files (x86)\Windows Kits\10\Windows Performance Toolkit\;C:\Windows\System32\OpenSSH\;E:\Git\Git\cmd;E:\Node;C:\Program Files\Pandoc\;C:\Windows\System32;C:\Windows;E:\Maven\apache-maven-3.9.9\bin;E:\DataGrip2024.3.5\DataGrip 2024.3.5\bin;E:\IDEA\IntelliJ IDEA 2024.3.3\bin;E:\VSCode\Microsoft VS Code\bin;E:\Cursor\cursor\resources\app\bin;C:\Users\Administrator\AppData\Roaming\npm;C:\Windows\System32\WindowsPowerShell\v1.0\;C:\Program Files (x86)\Windows Kits\10\Windows Performance Toolkit\;C:\Windows\System32\OpenSSH\;E:\Git\Git\cmd;E:\Node;C:\Program Files\Pandoc\;C:\Users\Administrator\.local\bin;E:\jdk17\bin;E:\Maven\apache-maven-3.9.9\bin;E:\DataGrip2024.3.5\DataGrip 2024.3.5\bin;;C:\Users\Administrator\AppData\Local\Microsoft\WindowsApps;E:\IDEA\IntelliJIDEA 2024.3.3\bin;;E:\VSCode\Microsoft VS Code\bin;E:\Cursor\cursor\resources\app\bin;C:\Users\Administrator\AppData\Roaming\npm;E:\Antigravity\bin;E:\PyCharm 2025.3\bin;E:\Pandoc;E:\Qoder\bin
USERNAME=Administrator
OS=Windows_NT
PROCESSOR_IDENTIFIER=Intel64 Family 6 Model 154 Stepping 3, GenuineIntel
TMP=C:\Users\Administrator\AppData\Local\Temp
TEMP=C:\Users\Administrator\AppData\Local\Temp




Periodic native trim disabled

---------------  S Y S T E M  ---------------

OS:
 Windows 11 , 64 bit Build 22621 (10.0.22621.2506)
OS uptime: 2 days 12:30 hours

CPU: total 12 (initial active 12) (12 cores per cpu, 1 threads per core) family 6 model 154 stepping 3 microcode 0x432, cx8, cmov, fxsr, mmx, 3dnowpref, sse, sse2, sse3, ssse3, sse4.1, sse4.2, popcnt, lzcnt, tsc, tscinvbit, avx, avx2, aes, erms, clmul, bmi1, bmi2, adx, sha, fma, vzeroupper, clflush, clflushopt, clwb, serialize, rdtscp, rdpid, fsrm, f16c, pku, cet_ibt, cet_ss
Processor Information for processor 0
  Max Mhz: 2000, Current Mhz: 2000, Mhz Limit: 2000
Processor Information for processor 1
  Max Mhz: 2000, Current Mhz: 2000, Mhz Limit: 2000
Processor Information for processor 2
  Max Mhz: 2000, Current Mhz: 2000, Mhz Limit: 2000
Processor Information for processor 3
  Max Mhz: 2000, Current Mhz: 2000, Mhz Limit: 2000
Processor Information for processor 4
  Max Mhz: 2000, Current Mhz: 2000, Mhz Limit: 2000
Processor Information for processor 5
  Max Mhz: 2000, Current Mhz: 2000, Mhz Limit: 2000
Processor Information for processor 6
  Max Mhz: 2000, Current Mhz: 2000, Mhz Limit: 2000
Processor Information for processor 7
  Max Mhz: 2000, Current Mhz: 2000, Mhz Limit: 2000
Processor Information for processor 8
  Max Mhz: 2000, Current Mhz: 1500, Mhz Limit: 1500
Processor Information for processor 9
  Max Mhz: 2000, Current Mhz: 1500, Mhz Limit: 1500
Processor Information for processor 10
  Max Mhz: 2000, Current Mhz: 1500, Mhz Limit: 1500
Processor Information for processor 11
  Max Mhz: 2000, Current Mhz: 1500, Mhz Limit: 1500

Memory: 4k page, system-wide physical 16052M (5M free)
TotalPageFile size 52053M (AvailPageFile size 2M)
current process WorkingSet (physical memory assigned to process): 175M, peak: 179M
current process commit charge ("private bytes"): 310M, peak: 312M

vm_info: OpenJDK 64-Bit Server VM (21.0.9+10-LTS) for windows-amd64 JRE (21.0.9+10-LTS), built on 2025-10-21T00:00:00Z by "admin" with unknown MS VC++:1942

END.
